<?xml version="1.0" encoding="UTF-8"?>
<Site BuildName="Win32-MSBuild"
	BuildStamp="20251030-1859-Experimental"
	Name="DESKTOP-13D0CR0"
	Generator="ctest-4.2.0-rc1"
	CompilerName="C:/Program Files (x86)/Microsoft Visual Studio/2022/BuildTools/VC/Tools/MSVC/14.44.35207/bin/Hostx64/x64/cl.exe"
	CompilerVersion="19.44.35219.0"
	OSName="Windows"
	Hostname="DESKTOP-13D0CR0"
	OSRelease="10.0.19045"
	OSVersion="Windows 10"
	OSPlatform="AMD64"
	Is64Bits="1"
	VendorString="AuthenticAMD"
	VendorID="Advanced Micro Devices"
	FamilyID="15"
	ModelID="1"
	ModelName="AMD Ryzen 7 5800X 8-Core Processor"
	ProcessorCacheSize="64"
	NumberOfLogicalCPU="16"
	NumberOfPhysicalCPU="8"
	TotalVirtualMemory="34741"
	TotalPhysicalMemory="32693"
	LogicalProcessorsPerPhysical="2"
	ProcessorClockFrequency="3801"
	>
	<Testing>
		<StartDateTime>Oct 31 10:00 Pacific Daylight Time</StartDateTime>
		<StartTestTime>1761930041</StartTestTime>
		<TestList/>
		<EndDateTime>Oct 31 10:00 Pacific Daylight Time</EndDateTime>
		<EndTestTime>1761930041</EndTestTime>
		<ElapsedMinutes>0</ElapsedMinutes>
	</Testing>
</Site>
