<?xml version="1.0" encoding="UTF-8"?>
<Site BuildName="Darwin-c++"
	BuildStamp="20251027-1735-Experimental"
	Name="eduroam-169-233-164-247.ucsc.edu"
	Generator="ctest-4.1.2"
	CompilerName="/usr/bin/c++"
	CompilerVersion="17.0.0.17000319"
	OSName="macOS"
	Hostname="Nathans-MacBook-Pro.local"
	OSRelease="26.0.1"
	OSVersion="25A362"
	OSPlatform="arm64"
	Is64Bits="1"
	VendorString="Apple"
	VendorID="Apple"
	FamilyID="0"
	ModelID="0"
	ModelName="Apple M1 Pro"
	ProcessorCacheSize="131072"
	NumberOfLogicalCPU="8"
	NumberOfPhysicalCPU="8"
	TotalVirtualMemory="9216"
	TotalPhysicalMemory="16384"
	LogicalProcessorsPerPhysical="8"
	ProcessorClockFrequency="0"
	>
	<Testing>
		<StartDateTime>Oct 30 11:32 PDT</StartDateTime>
		<StartTestTime>1761849128</StartTestTime>
		<TestList/>
		<EndDateTime>Oct 30 11:32 PDT</EndDateTime>
		<EndTestTime>1761849128</EndTestTime>
		<ElapsedMinutes>0</ElapsedMinutes>
	</Testing>
</Site>
